<?xml version="1.0" encoding="UTF-8"?>
<testng-results ignored="0" total="1" passed="1" failed="0" skipped="0">
  <reporter-output>
  </reporter-output>
  <suite started-at="2023-05-15T08:04:46 IST" name="Default suite" finished-at="2023-05-15T08:04:53 IST" duration-ms="6610">
    <groups>
    </groups>
    <test started-at="2023-05-15T08:04:46 IST" name="Default test" finished-at="2023-05-15T08:04:53 IST" duration-ms="6610">
      <class name="MyTest.Window">
        <test-method is-config="true" signature="Launch()[pri:0, instance:MyTest.Window@402bba4f]" started-at="2023-05-15T08:04:46 IST" name="Launch" finished-at="2023-05-15T08:04:48 IST" duration-ms="2031" status="PASS">
          <reporter-output>
          </reporter-output>
        </test-method> <!-- Launch -->
        <test-method signature="getCredential()[pri:0, instance:MyTest.Window@402bba4f]" started-at="2023-05-15T08:04:48 IST" name="getCredential" finished-at="2023-05-15T08:04:53 IST" duration-ms="4546" status="PASS">
          <reporter-output>
          </reporter-output>
        </test-method> <!-- getCredential -->
      </class> <!-- MyTest.Window -->
    </test> <!-- Default test -->
  </suite> <!-- Default suite -->
</testng-results>
